{"D:\\NSBM Projects\\Ravindu Girl\\iims-api\\server.js": {"path":"D:\\NSBM Projects\\Ravindu Girl\\iims-api\\server.js","statementMap":{"0":{"start":{"line":1,"column":16},"end":{"line":1,"column":34}},"1":{"start":{"line":2,"column":12},"end":{"line":2,"column":21}},"2":{"start":{"line":3,"column":11},"end":{"line":3,"column":26}},"3":{"start":{"line":6,"column":0},"end":{"line":6,"column":15}},"4":{"start":{"line":7,"column":18},"end":{"line":7,"column":40}},"5":{"start":{"line":8,"column":0},"end":{"line":8,"column":25}},"6":{"start":{"line":9,"column":0},"end":{"line":9,"column":47}},"7":{"start":{"line":11,"column":13},"end":{"line":11,"column":44}},"8":{"start":{"line":12,"column":18},"end":{"line":12,"column":54}},"9":{"start":{"line":14,"column":4},"end":{"line":14,"column":26}},"10":{"start":{"line":15,"column":4},"end":{"line":15,"column":36}},"11":{"start":{"line":18,"column":0},"end":{"line":18,"column":21}}},"fnMap":{},"branchMap":{},"s":{"0":2,"1":2,"2":2,"3":2,"4":2,"5":2,"6":2,"7":2,"8":2,"9":2,"10":2,"11":2},"f":{},"b":{},"_coverageSchema":"1a1c01bbd47fc00a2c39e90264f33305004495a9","hash":"47d649e8a026e9d5e1b8d39d5a65967973b68ba2"}
,"D:\\NSBM Projects\\Ravindu Girl\\iims-api\\models\\Component.js": {"path":"D:\\NSBM Projects\\Ravindu Girl\\iims-api\\models\\Component.js","statementMap":{"0":{"start":{"line":1,"column":17},"end":{"line":1,"column":36}},"1":{"start":{"line":2,"column":22},"end":{"line":2,"column":60}},"2":{"start":{"line":4,"column":15},"end":{"line":12,"column":4}},"3":{"start":{"line":14,"column":2},"end":{"line":14,"column":72}},"4":{"start":{"line":16,"column":2},"end":{"line":16,"column":55}}},"fnMap":{},"branchMap":{},"s":{"0":2,"1":2,"2":2,"3":2,"4":2},"f":{},"b":{},"_coverageSchema":"1a1c01bbd47fc00a2c39e90264f33305004495a9","hash":"7bb5b1a7a78c551e8a3e4c1250e9eec05702fcc6"}
,"D:\\NSBM Projects\\Ravindu Girl\\iims-api\\models\\User.js": {"path":"D:\\NSBM Projects\\Ravindu Girl\\iims-api\\models\\User.js","statementMap":{"0":{"start":{"line":1,"column":17},"end":{"line":1,"column":36}},"1":{"start":{"line":2,"column":22},"end":{"line":2,"column":60}},"2":{"start":{"line":4,"column":15},"end":{"line":9,"column":4}},"3":{"start":{"line":11,"column":2},"end":{"line":11,"column":68}},"4":{"start":{"line":13,"column":2},"end":{"line":13,"column":51}}},"fnMap":{},"branchMap":{},"s":{"0":2,"1":2,"2":2,"3":2,"4":2},"f":{},"b":{},"_coverageSchema":"1a1c01bbd47fc00a2c39e90264f33305004495a9","hash":"ff203cced3deafc31b5dd838b85cfb716122b9c7"}
,"D:\\NSBM Projects\\Ravindu Girl\\iims-api\\routes\\components-route.js": {"path":"D:\\NSBM Projects\\Ravindu Girl\\iims-api\\routes\\components-route.js","statementMap":{"0":{"start":{"line":1,"column":14},"end":{"line":1,"column":32}},"1":{"start":{"line":2,"column":18},"end":{"line":2,"column":48}},"2":{"start":{"line":3,"column":13},"end":{"line":3,"column":29}},"3":{"start":{"line":6,"column":0},"end":{"line":14,"column":5}},"4":{"start":{"line":7,"column":2},"end":{"line":13,"column":3}},"5":{"start":{"line":8,"column":21},"end":{"line":8,"column":43}},"6":{"start":{"line":9,"column":4},"end":{"line":9,"column":23}},"7":{"start":{"line":12,"column":4},"end":{"line":12,"column":16}},"8":{"start":{"line":16,"column":0},"end":{"line":50,"column":3}},"9":{"start":{"line":18,"column":2},"end":{"line":49,"column":3}},"10":{"start":{"line":19,"column":4},"end":{"line":19,"column":26}},"11":{"start":{"line":20,"column":23},"end":{"line":20,"column":57}},"12":{"start":{"line":21,"column":18},"end":{"line":21,"column":52}},"13":{"start":{"line":22,"column":19},"end":{"line":22,"column":21}},"14":{"start":{"line":23,"column":23},"end":{"line":23,"column":62}},"15":{"start":{"line":24,"column":21},"end":{"line":24,"column":39}},"16":{"start":{"line":25,"column":21},"end":{"line":25,"column":45}},"17":{"start":{"line":26,"column":4},"end":{"line":26,"column":35}},"18":{"start":{"line":27,"column":4},"end":{"line":32,"column":5}},"19":{"start":{"line":28,"column":6},"end":{"line":31,"column":8}},"20":{"start":{"line":33,"column":4},"end":{"line":38,"column":5}},"21":{"start":{"line":34,"column":6},"end":{"line":37,"column":8}},"22":{"start":{"line":39,"column":4},"end":{"line":43,"column":14}},"23":{"start":{"line":44,"column":4},"end":{"line":44,"column":31}},"24":{"start":{"line":45,"column":4},"end":{"line":45,"column":73}},"25":{"start":{"line":47,"column":4},"end":{"line":47,"column":23}},"26":{"start":{"line":48,"column":4},"end":{"line":48,"column":72}},"27":{"start":{"line":52,"column":0},"end":{"line":56,"column":2}},"28":{"start":{"line":53,"column":19},"end":{"line":53,"column":51}},"29":{"start":{"line":54,"column":2},"end":{"line":54,"column":21}},"30":{"start":{"line":58,"column":0},"end":{"line":62,"column":2}},"31":{"start":{"line":59,"column":19},"end":{"line":59,"column":51}},"32":{"start":{"line":60,"column":2},"end":{"line":60,"column":21}},"33":{"start":{"line":64,"column":0},"end":{"line":73,"column":2}},"34":{"start":{"line":65,"column":2},"end":{"line":71,"column":3}},"35":{"start":{"line":66,"column":17},"end":{"line":66,"column":64}},"36":{"start":{"line":67,"column":4},"end":{"line":67,"column":19}},"37":{"start":{"line":69,"column":4},"end":{"line":69,"column":20}},"38":{"start":{"line":70,"column":4},"end":{"line":70,"column":52}},"39":{"start":{"line":76,"column":2},"end":{"line":79,"column":2}},"40":{"start":{"line":77,"column":15},"end":{"line":77,"column":47}},"41":{"start":{"line":78,"column":4},"end":{"line":78,"column":18}},"42":{"start":{"line":81,"column":2},"end":{"line":92,"column":5}},"43":{"start":{"line":83,"column":23},"end":{"line":83,"column":55}},"44":{"start":{"line":85,"column":4},"end":{"line":88,"column":5}},"45":{"start":{"line":90,"column":4},"end":{"line":90,"column":42}},"46":{"start":{"line":94,"column":2},"end":{"line":103,"column":5}},"47":{"start":{"line":95,"column":4},"end":{"line":102,"column":5}},"48":{"start":{"line":96,"column":23},"end":{"line":96,"column":58}},"49":{"start":{"line":97,"column":6},"end":{"line":97,"column":40}},"50":{"start":{"line":98,"column":6},"end":{"line":98,"column":22}},"51":{"start":{"line":99,"column":6},"end":{"line":99,"column":27}},"52":{"start":{"line":101,"column":6},"end":{"line":101,"column":58}},"53":{"start":{"line":105,"column":2},"end":{"line":146,"column":5}},"54":{"start":{"line":106,"column":4},"end":{"line":136,"column":5}},"55":{"start":{"line":107,"column":19},"end":{"line":107,"column":66}},"56":{"start":{"line":109,"column":6},"end":{"line":111,"column":7}},"57":{"start":{"line":110,"column":8},"end":{"line":110,"column":50}},"58":{"start":{"line":113,"column":6},"end":{"line":115,"column":7}},"59":{"start":{"line":114,"column":8},"end":{"line":114,"column":50}},"60":{"start":{"line":116,"column":6},"end":{"line":118,"column":7}},"61":{"start":{"line":117,"column":8},"end":{"line":117,"column":42}},"62":{"start":{"line":120,"column":6},"end":{"line":122,"column":7}},"63":{"start":{"line":121,"column":8},"end":{"line":121,"column":32}},"64":{"start":{"line":123,"column":6},"end":{"line":125,"column":7}},"65":{"start":{"line":124,"column":8},"end":{"line":124,"column":44}},"66":{"start":{"line":127,"column":6},"end":{"line":129,"column":7}},"67":{"start":{"line":128,"column":8},"end":{"line":128,"column":50}},"68":{"start":{"line":131,"column":6},"end":{"line":131,"column":24}},"69":{"start":{"line":132,"column":6},"end":{"line":132,"column":21}},"70":{"start":{"line":134,"column":6},"end":{"line":134,"column":22}},"71":{"start":{"line":135,"column":6},"end":{"line":135,"column":54}},"72":{"start":{"line":148,"column":2},"end":{"line":156,"column":5}},"73":{"start":{"line":149,"column":4},"end":{"line":155,"column":5}},"74":{"start":{"line":150,"column":23},"end":{"line":150,"column":58}},"75":{"start":{"line":151,"column":6},"end":{"line":151,"column":30}},"76":{"start":{"line":152,"column":6},"end":{"line":152,"column":31}},"77":{"start":{"line":154,"column":6},"end":{"line":154,"column":58}},"78":{"start":{"line":158,"column":2},"end":{"line":166,"column":5}},"79":{"start":{"line":159,"column":4},"end":{"line":165,"column":5}},"80":{"start":{"line":160,"column":6},"end":{"line":160,"column":56}},"81":{"start":{"line":161,"column":6},"end":{"line":161,"column":29}},"82":{"start":{"line":163,"column":6},"end":{"line":163,"column":22}},"83":{"start":{"line":164,"column":6},"end":{"line":164,"column":54}},"84":{"start":{"line":171,"column":0},"end":{"line":171,"column":24}}},"fnMap":{"0":{"name":"(anonymous_0)","decl":{"start":{"line":6,"column":24},"end":{"line":6,"column":25}},"loc":{"start":{"line":6,"column":44},"end":{"line":14,"column":3}},"line":6},"1":{"name":"(anonymous_1)","decl":{"start":{"line":16,"column":25},"end":{"line":16,"column":26}},"loc":{"start":{"line":16,"column":45},"end":{"line":50,"column":1}},"line":16},"2":{"name":"(anonymous_2)","decl":{"start":{"line":52,"column":38},"end":{"line":52,"column":39}},"loc":{"start":{"line":52,"column":55},"end":{"line":56,"column":1}},"line":52},"3":{"name":"(anonymous_3)","decl":{"start":{"line":58,"column":38},"end":{"line":58,"column":39}},"loc":{"start":{"line":58,"column":55},"end":{"line":62,"column":1}},"line":58},"4":{"name":"(anonymous_4)","decl":{"start":{"line":64,"column":29},"end":{"line":64,"column":30}},"loc":{"start":{"line":64,"column":46},"end":{"line":73,"column":1}},"line":64},"5":{"name":"(anonymous_5)","decl":{"start":{"line":76,"column":26},"end":{"line":76,"column":27}},"loc":{"start":{"line":76,"column":42},"end":{"line":79,"column":1}},"line":76},"6":{"name":"(anonymous_6)","decl":{"start":{"line":81,"column":28},"end":{"line":81,"column":29}},"loc":{"start":{"line":81,"column":48},"end":{"line":92,"column":3}},"line":81},"7":{"name":"(anonymous_7)","decl":{"start":{"line":94,"column":43},"end":{"line":94,"column":44}},"loc":{"start":{"line":94,"column":63},"end":{"line":103,"column":3}},"line":94},"8":{"name":"(anonymous_8)","decl":{"start":{"line":105,"column":34},"end":{"line":105,"column":35}},"loc":{"start":{"line":105,"column":54},"end":{"line":146,"column":3}},"line":105},"9":{"name":"(anonymous_9)","decl":{"start":{"line":148,"column":44},"end":{"line":148,"column":45}},"loc":{"start":{"line":148,"column":64},"end":{"line":156,"column":3}},"line":148},"10":{"name":"(anonymous_10)","decl":{"start":{"line":158,"column":31},"end":{"line":158,"column":32}},"loc":{"start":{"line":158,"column":51},"end":{"line":166,"column":3}},"line":158}},"branchMap":{"0":{"loc":{"start":{"line":20,"column":23},"end":{"line":20,"column":57}},"type":"binary-expr","locations":[{"start":{"line":20,"column":23},"end":{"line":20,"column":52}},{"start":{"line":20,"column":56},"end":{"line":20,"column":57}}],"line":20},"1":{"loc":{"start":{"line":21,"column":18},"end":{"line":21,"column":52}},"type":"binary-expr","locations":[{"start":{"line":21,"column":18},"end":{"line":21,"column":46}},{"start":{"line":21,"column":50},"end":{"line":21,"column":52}}],"line":21},"2":{"loc":{"start":{"line":27,"column":4},"end":{"line":32,"column":5}},"type":"if","locations":[{"start":{"line":27,"column":4},"end":{"line":32,"column":5}},{"start":{},"end":{}}],"line":27},"3":{"loc":{"start":{"line":33,"column":4},"end":{"line":38,"column":5}},"type":"if","locations":[{"start":{"line":33,"column":4},"end":{"line":38,"column":5}},{"start":{},"end":{}}],"line":33},"4":{"loc":{"start":{"line":85,"column":4},"end":{"line":88,"column":5}},"type":"if","locations":[{"start":{"line":85,"column":4},"end":{"line":88,"column":5}},{"start":{},"end":{}}],"line":85},"5":{"loc":{"start":{"line":109,"column":6},"end":{"line":111,"column":7}},"type":"if","locations":[{"start":{"line":109,"column":6},"end":{"line":111,"column":7}},{"start":{},"end":{}}],"line":109},"6":{"loc":{"start":{"line":113,"column":6},"end":{"line":115,"column":7}},"type":"if","locations":[{"start":{"line":113,"column":6},"end":{"line":115,"column":7}},{"start":{},"end":{}}],"line":113},"7":{"loc":{"start":{"line":116,"column":6},"end":{"line":118,"column":7}},"type":"if","locations":[{"start":{"line":116,"column":6},"end":{"line":118,"column":7}},{"start":{},"end":{}}],"line":116},"8":{"loc":{"start":{"line":120,"column":6},"end":{"line":122,"column":7}},"type":"if","locations":[{"start":{"line":120,"column":6},"end":{"line":122,"column":7}},{"start":{},"end":{}}],"line":120},"9":{"loc":{"start":{"line":123,"column":6},"end":{"line":125,"column":7}},"type":"if","locations":[{"start":{"line":123,"column":6},"end":{"line":125,"column":7}},{"start":{},"end":{}}],"line":123},"10":{"loc":{"start":{"line":127,"column":6},"end":{"line":129,"column":7}},"type":"if","locations":[{"start":{"line":127,"column":6},"end":{"line":129,"column":7}},{"start":{},"end":{}}],"line":127}},"s":{"0":2,"1":2,"2":2,"3":2,"4":1,"5":1,"6":1,"7":0,"8":2,"9":0,"10":0,"11":0,"12":0,"13":0,"14":0,"15":0,"16":0,"17":0,"18":0,"19":0,"20":0,"21":0,"22":0,"23":0,"24":0,"25":0,"26":0,"27":2,"28":0,"29":0,"30":2,"31":0,"32":0,"33":2,"34":1,"35":1,"36":1,"37":0,"38":0,"39":2,"40":1,"41":1,"42":2,"43":0,"44":0,"45":0,"46":2,"47":0,"48":0,"49":0,"50":0,"51":0,"52":0,"53":2,"54":0,"55":0,"56":0,"57":0,"58":0,"59":0,"60":0,"61":0,"62":0,"63":0,"64":0,"65":0,"66":0,"67":0,"68":0,"69":0,"70":0,"71":0,"72":2,"73":0,"74":0,"75":0,"76":0,"77":0,"78":2,"79":1,"80":1,"81":1,"82":0,"83":0,"84":2},"f":{"0":1,"1":0,"2":0,"3":0,"4":1,"5":1,"6":0,"7":0,"8":0,"9":0,"10":1},"b":{"0":[0,0],"1":[0,0],"2":[0,0],"3":[0,0],"4":[0,0],"5":[0,0],"6":[0,0],"7":[0,0],"8":[0,0],"9":[0,0],"10":[0,0]},"_coverageSchema":"1a1c01bbd47fc00a2c39e90264f33305004495a9","hash":"5b3e2c31aa2f370e84b90a9b7d6d1e4813efb65b"}
,"D:\\NSBM Projects\\Ravindu Girl\\iims-api\\routes\\users-route.js": {"path":"D:\\NSBM Projects\\Ravindu Girl\\iims-api\\routes\\users-route.js","statementMap":{"0":{"start":{"line":1,"column":14},"end":{"line":1,"column":32}},"1":{"start":{"line":2,"column":13},"end":{"line":2,"column":38}},"2":{"start":{"line":3,"column":13},"end":{"line":3,"column":29}},"3":{"start":{"line":5,"column":0},"end":{"line":13,"column":5}},"4":{"start":{"line":6,"column":2},"end":{"line":12,"column":3}},"5":{"start":{"line":7,"column":21},"end":{"line":7,"column":38}},"6":{"start":{"line":8,"column":4},"end":{"line":8,"column":23}},"7":{"start":{"line":11,"column":4},"end":{"line":11,"column":16}},"8":{"start":{"line":15,"column":0},"end":{"line":20,"column":2}},"9":{"start":{"line":16,"column":2},"end":{"line":16,"column":34}},"10":{"start":{"line":17,"column":19},"end":{"line":17,"column":46}},"11":{"start":{"line":18,"column":2},"end":{"line":18,"column":21}},"12":{"start":{"line":22,"column":0},"end":{"line":31,"column":2}},"13":{"start":{"line":23,"column":2},"end":{"line":29,"column":3}},"14":{"start":{"line":24,"column":17},"end":{"line":24,"column":59}},"15":{"start":{"line":25,"column":4},"end":{"line":25,"column":19}},"16":{"start":{"line":27,"column":4},"end":{"line":27,"column":20}},"17":{"start":{"line":28,"column":4},"end":{"line":28,"column":47}},"18":{"start":{"line":33,"column":0},"end":{"line":43,"column":3}},"19":{"start":{"line":35,"column":21},"end":{"line":35,"column":48}},"20":{"start":{"line":37,"column":2},"end":{"line":39,"column":3}},"21":{"start":{"line":38,"column":4},"end":{"line":38,"column":39}},"22":{"start":{"line":41,"column":2},"end":{"line":41,"column":40}},"23":{"start":{"line":45,"column":2},"end":{"line":48,"column":2}},"24":{"start":{"line":46,"column":15},"end":{"line":46,"column":42}},"25":{"start":{"line":47,"column":4},"end":{"line":47,"column":18}},"26":{"start":{"line":51,"column":2},"end":{"line":59,"column":5}},"27":{"start":{"line":52,"column":4},"end":{"line":58,"column":5}},"28":{"start":{"line":53,"column":6},"end":{"line":53,"column":51}},"29":{"start":{"line":54,"column":6},"end":{"line":54,"column":29}},"30":{"start":{"line":56,"column":6},"end":{"line":56,"column":22}},"31":{"start":{"line":57,"column":6},"end":{"line":57,"column":49}},"32":{"start":{"line":64,"column":0},"end":{"line":64,"column":24}}},"fnMap":{"0":{"name":"(anonymous_0)","decl":{"start":{"line":5,"column":24},"end":{"line":5,"column":25}},"loc":{"start":{"line":5,"column":44},"end":{"line":13,"column":3}},"line":5},"1":{"name":"(anonymous_1)","decl":{"start":{"line":15,"column":33},"end":{"line":15,"column":34}},"loc":{"start":{"line":15,"column":50},"end":{"line":20,"column":1}},"line":15},"2":{"name":"(anonymous_2)","decl":{"start":{"line":22,"column":28},"end":{"line":22,"column":29}},"loc":{"start":{"line":22,"column":45},"end":{"line":31,"column":1}},"line":22},"3":{"name":"(anonymous_3)","decl":{"start":{"line":33,"column":26},"end":{"line":33,"column":27}},"loc":{"start":{"line":33,"column":46},"end":{"line":43,"column":1}},"line":33},"4":{"name":"(anonymous_4)","decl":{"start":{"line":45,"column":26},"end":{"line":45,"column":27}},"loc":{"start":{"line":45,"column":42},"end":{"line":48,"column":1}},"line":45},"5":{"name":"(anonymous_5)","decl":{"start":{"line":51,"column":31},"end":{"line":51,"column":32}},"loc":{"start":{"line":51,"column":51},"end":{"line":59,"column":3}},"line":51}},"branchMap":{"0":{"loc":{"start":{"line":37,"column":2},"end":{"line":39,"column":3}},"type":"if","locations":[{"start":{"line":37,"column":2},"end":{"line":39,"column":3}},{"start":{},"end":{}}],"line":37}},"s":{"0":2,"1":2,"2":2,"3":2,"4":1,"5":1,"6":1,"7":0,"8":2,"9":0,"10":0,"11":0,"12":2,"13":1,"14":1,"15":1,"16":0,"17":0,"18":2,"19":0,"20":0,"21":0,"22":0,"23":2,"24":1,"25":1,"26":2,"27":1,"28":1,"29":1,"30":0,"31":0,"32":2},"f":{"0":1,"1":0,"2":1,"3":0,"4":1,"5":1},"b":{"0":[0,0]},"_coverageSchema":"1a1c01bbd47fc00a2c39e90264f33305004495a9","hash":"608155539e2bf731bf66cdb2c7a7f7570fdc4d03"}
}
